       1                                ;23456789012345678901234567890123
       2 000000 016701  000136          START:	MOV	I,R1		;MOVE I TO TEMP LOCATION
       3 000004 100451                  	BMI	ERROR		;IF I>0 BRANCH TO ERROR
       4 000006 166701  000146          	SUB	TWO,R1		;SUB 2 FROM TEMP TO CHECK IF I IS 1 OR 0
       5 000012 100442                  	BMI	FONE		;IF TI=1 BR TO FONE
       6 000014 016767  000122  000124  	MOV	I,COUNT		;MOVE I TO COUNTER
       7 000022 016767  000130  000114  	MOV	ONE,FIB		;SET FIB TO 1
       8 000030 016767  000120  000114  	MOV	ZERO,LOW	;SET LOWFIB TO 0
       9 000036 016767  000114  000104  	MOV	ONE,HIGH	;SET HIGH TO 1
      10 000044 016701  000076          LOOP:	MOV	COUNT,R1	;MOVE COUNT TO TEMP
      11 000050 166701  000102          	SUB	ONE,R1		;SUB 2 FROM TEMP TO SET
      12 000054 001431                  	BEQ	DONE		;IF COUNT IS 2 STOP
      13 000056 016701  000072          	MOV	ZERO,R1		;MOVE ZERO TO TEMP
      14 000062 066701  000064          	ADD	LOW,R1		;ADD LOW TO TEMP
      15 000066 066701  000056          	ADD 	HIGH,R1		;ADD HIGH TO TEMP
      16 000072 010167  000046          	MOV	R1,FIB		;PUT SUM OF HIGH AND LOW TO FIB
      17 000076 016767  000046  000046  	MOV	HIGH,LOW	;CHANGE LOW FIB
      18 000104 016767  000034  000036  	MOV	FIB,HIGH	;CHANGE HIGH FIB
      19 000112 005367  000030          	DEC 	COUNT		;DECREMENT COUNT
      20 000116 000752                  	BR	LOOP		;RETURN TO THE LOOP
      21 000120 016767  000032  000016  FONE:	MOV	ONE, FIB	;SET FIB TO ONE
      22 000126 000404                  	BR	DONE		;FIB IS CALCULATED
      23 000130 016767  000026  000006  ERROR:	MOV	MIN,FIB		;SET FIB TO MININT
      24 000136 000400                  	BR	DONE		;FIB IS CALCULATED						
      25 000140 000000                  DONE:	HALT			
      26 000142                         I:	.BLKW	1		;INPUT:>0 2S COMPL
      27 000144                         FIB:	.BLKW	1		;OUTPUT:RESULT OF FIB SEQUENCE
      28 000146                         COUNT:	.BLKW	1		;COUNTER FOR LOOP
      29 000150                         HIGH:	.BLKW	1		;HIGH FIB NUMBER
      30 000152                         LOW:	.BLKW	1		;LOW FIB NUMBER
      31 000154 000000                  ZERO:	.WORD	0		;CONSTANT 0
      32 000156 000001                  ONE:	.WORD	1		;CONSTANT 1
      33 000160 000002                  TWO:	.WORD	2		;CONSTANT 2
      33 000162 100000                  MIN:	.WORD	100000		;CONSTANT -32768

Symbol Table:
COUNT	  000146 
DONE	  000140 
ERROR	  000130 
FIB	  000144 
FONE	  000120 
HIGH	  000150 
I	  000142 
LOOP	  000044 
LOW	  000152 
MIN	  000162 
ONE	  000156 
START	  000000 
TWO	  000160 
ZERO	  000154 
